<?xml version="1.0" encoding="UTF-8"?>
<!-- Generated by org.testng.reporters.JUnitXMLReporter -->
<testsuite ignored="2" hostname="DESKTOP-CRCM71H" failures="0" tests="4" name="Test" time="0.127" errors="0" timestamp="2024-01-24T12:02:29 IST">
  <testcase classname="maven.SampleTest" name="sample1Test" time="0.013"/>
  <testcase classname="maven.ExampleTest" name="Example1Test" time="0.005"/>
  <testcase classname="maven.DemoTest" name="Demo1" time="0.009"/>
  <testcase classname="maven.DemoTest" name="Demo2" time="0.005"/>
  <testcase classname="maven.SampleTest" name="sample2Test" time="0.0">
    <ignored/>
  </testcase> <!-- sample2Test -->
  <testcase classname="maven.ExampleTest" name="Example2Test" time="0.0">
    <ignored/>
  </testcase> <!-- Example2Test -->
</testsuite> <!-- Test -->
